==41377== Cachegrind, a cache and branch-prediction profiler
==41377== Copyright (C) 2002-2017, and GNU GPL'd, by Nicholas Nethercote et al.
==41377== Using Valgrind-3.16.1 and LibVEX; rerun with -h for copyright info
==41377== Command: ./main -n 10 -r 1
==41377== Parent PID: 41373
==41377== 
--41377-- warning: L3 cache found, using its data for the LL simulation.
--41377-- warning: specified LL cache: line_size 64  assoc 20  total_size 31,457,280
--41377-- warning: simulated LL cache: line_size 64  assoc 30  total_size 31,457,280
==41377== 
==41377== I   refs:      6,936,276
==41377== I1  misses:        3,157
==41377== LLi misses:        2,587
==41377== I1  miss rate:      0.05%
==41377== LLi miss rate:      0.04%
==41377== 
==41377== D   refs:      2,624,327  (1,948,300 rd   + 676,027 wr)
==41377== D1  misses:       63,671  (   55,334 rd   +   8,337 wr)
==41377== LLd misses:       26,178  (   19,409 rd   +   6,769 wr)
==41377== D1  miss rate:       2.4% (      2.8%     +     1.2%  )
==41377== LLd miss rate:       1.0% (      1.0%     +     1.0%  )
==41377== 
==41377== LL refs:          66,828  (   58,491 rd   +   8,337 wr)
==41377== LL misses:        28,765  (   21,996 rd   +   6,769 wr)
==41377== LL miss rate:        0.3% (      0.2%     +     1.0%  )
